
12:58:53.916 [info] Loading 54 CA(s) from :otp store

12:58:54.269 id=0 [debug] handled request client -> server initialize in 153ms

12:58:54.283 [debug] sent notification server -> client window/logMessage

12:58:54.290 [debug] NextLS v0.23.3 has initialized!

12:58:54.290 [debug] sent notification server -> client window/logMessage

12:58:54.290 [debug] Log file located at c:/Users/Window/betting_app/.elixir-tools/next-ls.log

12:58:54.297 [debug] sent notification server -> client window/logMessage

12:58:54.297 id=3528 [debug] sent request server -> client client/registerCapability

12:58:54.297 [info] [extension] Credo initializing with options %NextLS.InitOpts.Extensions.Credo{enable: true, cli_options: []}

12:59:02.660 [debug] sent notification server -> client window/logMessage

12:59:02.660 [warning] Failed to unzip and install the bundled Elixir archive.

** (MatchError) no match of right hand side value: {"", 1}
    (next_ls 0.23.3) lib/next_ls/runtime/bundled_elixir.ex:55: NextLS.Runtime.BundledElixir.install/2
    (next_ls 0.23.3) lib/next_ls.ex:874: NextLS.handle_notification/2
    (gen_lsp 0.10.0) lib/gen_lsp.ex:478: anonymous fn/2 in GenLSP.loop/3
    (telemetry 1.2.1) /Users/runner/work/next-ls/next-ls/deps/telemetry/src/telemetry.erl:321: :telemetry.span/3
    (gen_lsp 0.10.0) lib/gen_lsp.ex:474: anonymous fn/7 in GenLSP.loop/3
    (gen_lsp 0.10.0) lib/gen_lsp.ex:553: GenLSP.attempt/4
    (stdlib 6.2) proc_lib.erl:329: :proc_lib.init_p_do_apply/3



12:59:02.660 [debug] sent notification server -> client window/logMessage

12:59:02.660 [debug] Booting runtimes...

12:59:02.667 id=3592 [debug] sent request server -> client window/workDoneProgress/create

12:59:02.673 [debug] sent notification server -> client $/progress

12:59:02.691 [debug] sent notification server -> client window/logMessage

12:59:02.691 [info] Beginning DB migration...

12:59:02.700 [debug] sent notification server -> client window/logMessage

12:59:02.700 [info] Database is being upgraded from version 0 to 7.

This will trigger a full recompilation in order to re-index your codebase.


12:59:02.703 [debug] sent notification server -> client window/logMessage

12:59:02.703 [info] Finished DB migration...

12:59:02.703 [error] ** (MatchError) no match of right hand side value: {:error, {:shutdown, {:failed_to_start_child, NextLS.Runtime, {:badarg, [{NextLS.Runtime, :init, 1, [file: ~c"lib/next_ls/runtime.ex", line: 135, error_info: %{cause: {1, :binary, :type, nil}, function: :format_bs_fail, module: :erl_erts_errors}]}, {:gen_server, :init_it, 2, [file: ~c"gen_server.erl", line: 2229]}, {:gen_server, :init_it, 6, [file: ~c"gen_server.erl", line: 2184]}, {:proc_lib, :init_p_do_apply, 3, [file: ~c"proc_lib.erl", line: 329]}]}}}}
    (next_ls 0.23.3) lib/next_ls.ex:899: anonymous fn/5 in NextLS.handle_notification/2
    (elixir 1.17.3) lib/enum.ex:2531: Enum."-reduce/3-lists^foldl/2-0-"/3
    (next_ls 0.23.3) lib/next_ls.ex:894: NextLS.handle_notification/2
    (gen_lsp 0.10.0) lib/gen_lsp.ex:478: anonymous fn/2 in GenLSP.loop/3
    (telemetry 1.2.1) /Users/runner/work/next-ls/next-ls/deps/telemetry/src/telemetry.erl:321: :telemetry.span/3
    (gen_lsp 0.10.0) lib/gen_lsp.ex:474: anonymous fn/7 in GenLSP.loop/3
    (gen_lsp 0.10.0) lib/gen_lsp.ex:553: GenLSP.attempt/4
    (stdlib 6.2) proc_lib.erl:329: :proc_lib.init_p_do_apply/3


12:59:02.703 [debug] sent notification server -> client window/logMessage

12:59:02.708 [debug] handled notification client -> server textDocument/didOpen in 3ms

12:59:02.708 [debug] handled notification client -> server textDocument/didOpen in 102µs

12:59:02.717 id=1 [debug] handled request client -> server textDocument/documentSymbol in 8ms

12:59:02.717 id=2 [debug] handled request client -> server textDocument/documentSymbol in 102µs

13:03:28.508 [debug] handled notification client -> server $/setTrace in 3ms

13:04:58.549 [debug] handled notification client -> server $/setTrace in 0µs

13:36:22.556 id=3 [debug] handled request client -> server shutdown in 5ms

10:34:15.277 [info] Loading 54 CA(s) from :otp store

10:34:21.775 [info] Loading 54 CA(s) from :otp store

10:34:22.270 id=0 [debug] handled request client -> server initialize in 251ms

10:34:23.564 [debug] sent notification server -> client window/logMessage

10:34:23.580 [debug] NextLS v0.23.3 has initialized!

10:34:23.580 [debug] sent notification server -> client window/logMessage

10:34:23.580 [debug] Log file located at c:/Users/Window/betting_app/.elixir-tools/next-ls.log

10:34:23.611 [debug] sent notification server -> client window/logMessage

10:34:23.611 [info] [extension] Credo initializing with options %NextLS.InitOpts.Extensions.Credo{enable: true, cli_options: []}

10:34:23.611 id=3586 [debug] sent request server -> client client/registerCapability

10:34:26.854 [debug] sent notification server -> client window/logMessage

10:34:26.854 [warning] Failed to unzip and install the bundled Elixir archive.

** (MatchError) no match of right hand side value: {"", 1}
    (next_ls 0.23.3) lib/next_ls/runtime/bundled_elixir.ex:55: NextLS.Runtime.BundledElixir.install/2
    (next_ls 0.23.3) lib/next_ls.ex:874: NextLS.handle_notification/2
    (gen_lsp 0.10.0) lib/gen_lsp.ex:478: anonymous fn/2 in GenLSP.loop/3
    (telemetry 1.2.1) /Users/runner/work/next-ls/next-ls/deps/telemetry/src/telemetry.erl:321: :telemetry.span/3
    (gen_lsp 0.10.0) lib/gen_lsp.ex:474: anonymous fn/7 in GenLSP.loop/3
    (gen_lsp 0.10.0) lib/gen_lsp.ex:553: GenLSP.attempt/4
    (stdlib 6.2) proc_lib.erl:329: :proc_lib.init_p_do_apply/3



10:34:26.854 [debug] sent notification server -> client window/logMessage

10:34:26.854 [debug] Booting runtimes...

10:34:26.893 id=3650 [debug] sent request server -> client window/workDoneProgress/create

10:34:26.940 [debug] sent notification server -> client $/progress

10:34:27.154 [debug] sent notification server -> client window/logMessage

10:34:27.154 [info] Beginning DB migration...

10:34:27.226 [debug] sent notification server -> client window/logMessage

10:34:27.226 [info] Database is on the latest version: 7

10:34:27.226 [debug] sent notification server -> client window/logMessage

10:34:27.226 [info] Finished DB migration...

10:34:27.226 [error] ** (MatchError) no match of right hand side value: {:error, {:shutdown, {:failed_to_start_child, NextLS.Runtime, {:badarg, [{NextLS.Runtime, :init, 1, [file: ~c"lib/next_ls/runtime.ex", line: 135, error_info: %{cause: {1, :binary, :type, nil}, function: :format_bs_fail, module: :erl_erts_errors}]}, {:gen_server, :init_it, 2, [file: ~c"gen_server.erl", line: 2229]}, {:gen_server, :init_it, 6, [file: ~c"gen_server.erl", line: 2184]}, {:proc_lib, :init_p_do_apply, 3, [file: ~c"proc_lib.erl", line: 329]}]}}}}
    (next_ls 0.23.3) lib/next_ls.ex:899: anonymous fn/5 in NextLS.handle_notification/2
    (elixir 1.17.3) lib/enum.ex:2531: Enum."-reduce/3-lists^foldl/2-0-"/3
    (next_ls 0.23.3) lib/next_ls.ex:894: NextLS.handle_notification/2
    (gen_lsp 0.10.0) lib/gen_lsp.ex:478: anonymous fn/2 in GenLSP.loop/3
    (telemetry 1.2.1) /Users/runner/work/next-ls/next-ls/deps/telemetry/src/telemetry.erl:321: :telemetry.span/3
    (gen_lsp 0.10.0) lib/gen_lsp.ex:474: anonymous fn/7 in GenLSP.loop/3
    (gen_lsp 0.10.0) lib/gen_lsp.ex:553: GenLSP.attempt/4
    (stdlib 6.2) proc_lib.erl:329: :proc_lib.init_p_do_apply/3


10:34:27.226 [debug] sent notification server -> client window/logMessage

10:34:27.242 [debug] handled notification client -> server textDocument/didOpen in 22ms

10:34:27.336 id=1 [debug] handled request client -> server textDocument/documentSymbol in 86ms

10:34:27.336 id=2 [debug] handled request client -> server textDocument/documentSymbol in 307µs

10:34:27.351 [debug] handled notification client -> server $/cancelRequest in 18ms

10:34:27.351 [debug] handled notification client -> server $/cancelRequest in 102µs

10:34:27.351 id=3 [debug] handled request client -> server textDocument/documentSymbol in 103µs

10:34:27.351 id=4 [debug] handled request client -> server textDocument/documentSymbol in 103µs

11:20:49.383 id=5 [debug] handled request client -> server textDocument/hover in 1107ms

11:20:49.383 [debug] handled notification client -> server $/cancelRequest in 102µs

11:20:50.395 id=6 [debug] handled request client -> server textDocument/hover in 1012ms

11:20:50.395 [debug] handled notification client -> server $/cancelRequest in 102µs

11:21:00.850 id=7 [debug] handled request client -> server textDocument/hover in 1009ms

11:21:00.850 [debug] handled notification client -> server $/cancelRequest in 102µs

11:21:17.977 id=8 [debug] handled request client -> server textDocument/hover in 1004ms
